<?xml version="1.0" encoding="UTF-8"?>
<!-- Generated by org.testng.reporters.JUnitReportReporter -->
<testsuite hostname="DESKTOP-64EE36M" failures="0" tests="1" name="ui.Anmeldung" time="1.685" errors="0" timestamp="2022-05-06T22:46:00 CEST" skipped="0">
  <testcase classname="ui.Anmeldung" name="professorLogin" time="1.685"/>
  <system-out>
    <![CDATA[Method name is - professorLogin
<br>Status of execution is - passed]]>
  </system-out>
</testsuite> <!-- ui.Anmeldung -->
